OMNeT++ Discrete Event Simulation  (C) 1992-2024 Andras Varga, OpenSim Ltd.
Version: 6.1, build: 241008-f7568267cd, edition: Academic Public License -- NOT FOR COMMERCIAL USE
See the license for distribution terms and warranty disclaimer

Setting up Cmdenv...

Loading NED files from /opt/omnet/omnetpp-6.1/workspace/IoV-Digital-Twin-TaskOffloading:  7
Loading NED files from /opt/omnet/omnetpp-6.1/workspace/inet4.5/src:  1187
Loading NED files from /opt/omnet/veins/src/veins:  44

Preparing for running configuration General, run #0...
Assigned runID=General-0-20260223-01:52:36-137194
Setting up network "ComplexNetwork"...
Initializing...
Initializing module ComplexNetwork, stage 0
Initializing module ComplexNetwork.obstacles, stage 0
Initializing module ComplexNetwork.annotations, stage 0
Initializing module ComplexNetwork.connectionManager, stage 0
SHADOWmax interference distance:2600
Initializing module ComplexNetwork.world, stage 0
Initializing module ComplexNetwork.manager, stage 0
Initializing module ComplexNetwork.roadsCanvasVisualizer, stage 0
Initializing module ComplexNetwork.configurator, stage 0
Initializing module ComplexNetwork.physicalEnvironment, stage 0
Initializing module ComplexNetwork.inetRadioMedium, stage 0
Initializing module ComplexNetwork.inetRadioMedium.propagation, stage 0
Initializing module ComplexNetwork.inetRadioMedium.analogModel, stage 0
Initializing module ComplexNetwork.inetRadioMedium.backgroundNoise, stage 0
Initializing module ComplexNetwork.inetRadioMedium.pathLoss, stage 0
Initializing module ComplexNetwork.inetRadioMedium.obstacleLoss, stage 0
Initializing module ComplexNetwork.inetRadioMedium.mediumLimitCache, stage 0
Initializing module ComplexNetwork.inetRadioMedium.communicationCache, stage 0
Initializing module ComplexNetwork.vehicleObstacles, stage 0
Initializing module ComplexNetwork.visualizer, stage 0
Initializing module ComplexNetwork.visualizer.sceneVisualizer, stage 0
Initializing module ComplexNetwork.visualizer.physicalEnvironmentVisualizer, stage 0
Initializing module ComplexNetwork.visualizer.networkNodeVisualizer, stage 0
Initializing module ComplexNetwork.visualizer.networkConnectionVisualizer, stage 0
Initializing module ComplexNetwork.visualizer.mobilityVisualizer, stage 0
Initializing module ComplexNetwork.visualizer.statisticVisualizer, stage 0
Initializing module ComplexNetwork.visualizer.infoVisualizer, stage 0
Initializing module ComplexNetwork.visualizer.energyStorageVisualizer, stage 0
Initializing module ComplexNetwork.visualizer.mediumVisualizer, stage 0
Initializing module ComplexNetwork.visualizer.obstacleLossVisualizer, stage 0
Initializing module ComplexNetwork.visualizer.packetDropVisualizer, stage 0
Initializing module ComplexNetwork.visualizer.packetFlowVisualizer, stage 0
Initializing module ComplexNetwork.visualizer.queueVisualizer, stage 0
Initializing module ComplexNetwork.visualizer.gateScheduleVisualizer, stage 0
Initializing module ComplexNetwork.visualizer.radioVisualizer, stage 0
Initializing module ComplexNetwork.visualizer.physicalLinkVisualizer, stage 0
Initializing module ComplexNetwork.visualizer.interfaceTableVisualizer, stage 0
Initializing module ComplexNetwork.visualizer.dataLinkVisualizer, stage 0
Initializing module ComplexNetwork.visualizer.linkBreakVisualizer, stage 0
Initializing module ComplexNetwork.visualizer.ieee80211Visualizer, stage 0
Initializing module ComplexNetwork.visualizer.networkRouteVisualizer, stage 0
Initializing module ComplexNetwork.visualizer.routingTableVisualizer, stage 0
Initializing module ComplexNetwork.visualizer.transportRouteVisualizer, stage 0
Initializing module ComplexNetwork.visualizer.transportConnectionVisualizer, stage 0
Initializing module ComplexNetwork.visualizer.failureProtectionConfigurationVisualizer, stage 0
Initializing module ComplexNetwork.visualizer.streamRedundancyConfigurationVisualizer, stage 0
Initializing module ComplexNetwork.rsu[0], stage 0
Initializing module ComplexNetwork.rsu[0].appl, stage 0
SHADOWDATABASE_URL not in environment, attempting to read from .env file...
SHADOWFound DATABASE_URL in .env file
SHADOW╔══════════════════════════════════════════════════════════════════════════╗
SHADOW║              INITIALIZING POSTGRESQL CONNECTION                          ║
SHADOW╚══════════════════════════════════════════════════════════════════════════╝
SHADOWDatabase: postgresql://postgres:password@localhost:5432/iov_digital_twin
SHADOW✗ PostgreSQL connection failed: connection to server at "localhost" (127.0.0.1), port 5432 failed: Connection refused
SHADOW	Is the server running on that host and accepting TCP/IP connections?
SHADOW
SHADOWRedis connection error: Connection refused
SHADOW✗ Redis connection failed, continuing without digital twin
SHADOWDatabase connection lost, attempting reconnect...
SHADOW✗ Reconnection failed: connection to server at "localhost" (127.0.0.1), port 5432 failed: Connection refused
SHADOW	Is the server running on that host and accepting TCP/IP connections?
SHADOW
CONSOLE: MyRSUApp rsu[0] initialized with edge resources:
  - RSU ID: 0
  - CPU: 16 GHz
  - Memory: 64 GB
  - Max Vehicles: 50
  - Base Processing Delay: 5 ms
=== CONSOLE: MyRSUApp INITIALIZED ===
CONSOLE: MyRSUApp - Beacon interval: 4s
CONSOLE: MyRSUApp - Starting RSUHttpPoster...
SHADOWRSU initialized with beacon interval: 4s
CONSOLE: MyRSUApp - Direct PostgreSQL insertion enabled (HTTP poster disabled)
=== MyRSUApp READY ===
SHADOWMyRSUApp: RSUHttpPoster started
Initializing module ComplexNetwork.rsu[0].nic, stage 0
Initializing module ComplexNetwork.rsu[0].nic.phy80211p, stage 0
Initializing module ComplexNetwork.rsu[0].nic.mac1609_4, stage 0
Initializing module ComplexNetwork.rsu[0].mobility, stage 0
Initializing module ComplexNetwork.rsu[1], stage 0
Initializing module ComplexNetwork.rsu[1].appl, stage 0
SHADOWDATABASE_URL not in environment, attempting to read from .env file...
SHADOWFound DATABASE_URL in .env file
SHADOW╔══════════════════════════════════════════════════════════════════════════╗
SHADOW║              INITIALIZING POSTGRESQL CONNECTION                          ║
SHADOW╚══════════════════════════════════════════════════════════════════════════╝
SHADOWDatabase: postgresql://postgres:password@localhost:5432/iov_digital_twin
SHADOW✗ PostgreSQL connection failed: connection to server at "localhost" (127.0.0.1), port 5432 failed: Connection refused
SHADOW	Is the server running on that host and accepting TCP/IP connections?
SHADOW
SHADOWRedis connection error: Connection refused
SHADOW✗ Redis connection failed, continuing without digital twin
SHADOWDatabase connection lost, attempting reconnect...
SHADOW✗ Reconnection failed: connection to server at "localhost" (127.0.0.1), port 5432 failed: Connection refused
SHADOW	Is the server running on that host and accepting TCP/IP connections?
SHADOW
CONSOLE: MyRSUApp rsu[1] initialized with edge resources:
  - RSU ID: 1
  - CPU: 16 GHz
  - Memory: 64 GB
  - Max Vehicles: 50
  - Base Processing Delay: 5 ms
=== CONSOLE: MyRSUApp INITIALIZED ===
CONSOLE: MyRSUApp - Beacon interval: 4s
CONSOLE: MyRSUApp - Starting RSUHttpPoster...
SHADOWRSU initialized with beacon interval: 4s
CONSOLE: MyRSUApp - Direct PostgreSQL insertion enabled (HTTP poster disabled)
=== MyRSUApp READY ===
SHADOWMyRSUApp: RSUHttpPoster started
Initializing module ComplexNetwork.rsu[1].nic, stage 0
Initializing module ComplexNetwork.rsu[1].nic.phy80211p, stage 0
Initializing module ComplexNetwork.rsu[1].nic.mac1609_4, stage 0
Initializing module ComplexNetwork.rsu[1].mobility, stage 0
Initializing module ComplexNetwork.rsu[2], stage 0
Initializing module ComplexNetwork.rsu[2].appl, stage 0
SHADOWDATABASE_URL not in environment, attempting to read from .env file...
SHADOWFound DATABASE_URL in .env file
SHADOW╔══════════════════════════════════════════════════════════════════════════╗
SHADOW║              INITIALIZING POSTGRESQL CONNECTION                          ║
SHADOW╚══════════════════════════════════════════════════════════════════════════╝
SHADOWDatabase: postgresql://postgres:password@localhost:5432/iov_digital_twin
SHADOW✗ PostgreSQL connection failed: connection to server at "localhost" (127.0.0.1), port 5432 failed: Connection refused
SHADOW	Is the server running on that host and accepting TCP/IP connections?
SHADOW
SHADOWRedis connection error: Connection refused
SHADOW✗ Redis connection failed, continuing without digital twin
SHADOWDatabase connection lost, attempting reconnect...
SHADOW✗ Reconnection failed: connection to server at "localhost" (127.0.0.1), port 5432 failed: Connection refused
SHADOW	Is the server running on that host and accepting TCP/IP connections?
SHADOW
CONSOLE: MyRSUApp rsu[2] initialized with edge resources:
  - RSU ID: 2
  - CPU: 16 GHz
  - Memory: 64 GB
  - Max Vehicles: 50
  - Base Processing Delay: 5 ms
=== CONSOLE: MyRSUApp INITIALIZED ===
CONSOLE: MyRSUApp - Beacon interval: 4s
CONSOLE: MyRSUApp - Starting RSUHttpPoster...
SHADOWRSU initialized with beacon interval: 4s
CONSOLE: MyRSUApp - Direct PostgreSQL insertion enabled (HTTP poster disabled)
=== MyRSUApp READY ===
SHADOWMyRSUApp: RSUHttpPoster started
Initializing module ComplexNetwork.rsu[2].nic, stage 0
Initializing module ComplexNetwork.rsu[2].nic.phy80211p, stage 0
Initializing module ComplexNetwork.rsu[2].nic.mac1609_4, stage 0
Initializing module ComplexNetwork.rsu[2].mobility, stage 0
Initializing module ComplexNetwork.obstacles, stage 1
Initializing module ComplexNetwork.connectionManager, stage 1
Initializing module ComplexNetwork.manager, stage 1
Initializing module ComplexNetwork.configurator, stage 1
Initializing module ComplexNetwork.physicalEnvironment, stage 1
Initializing module ComplexNetwork.inetRadioMedium, stage 1
Initializing module ComplexNetwork.inetRadioMedium.analogModel, stage 1
Initializing module ComplexNetwork.inetRadioMedium.obstacleLoss, stage 1
Initializing module ComplexNetwork.inetRadioMedium.mediumLimitCache, stage 1
Initializing module ComplexNetwork.vehicleObstacles, stage 1
Initializing module ComplexNetwork.visualizer.sceneVisualizer, stage 1
Initializing module ComplexNetwork.visualizer.physicalEnvironmentVisualizer, stage 1
Initializing module ComplexNetwork.visualizer.networkNodeVisualizer, stage 1
Initializing module ComplexNetwork.visualizer.networkConnectionVisualizer, stage 1
Initializing module ComplexNetwork.visualizer.mobilityVisualizer, stage 1
Initializing module ComplexNetwork.visualizer.statisticVisualizer, stage 1
Initializing module ComplexNetwork.visualizer.infoVisualizer, stage 1
Initializing module ComplexNetwork.visualizer.energyStorageVisualizer, stage 1
Initializing module ComplexNetwork.visualizer.mediumVisualizer, stage 1
Initializing module ComplexNetwork.visualizer.obstacleLossVisualizer, stage 1
Initializing module ComplexNetwork.visualizer.packetDropVisualizer, stage 1
Initializing module ComplexNetwork.visualizer.packetFlowVisualizer, stage 1
Initializing module ComplexNetwork.visualizer.queueVisualizer, stage 1
Initializing module ComplexNetwork.visualizer.gateScheduleVisualizer, stage 1
Initializing module ComplexNetwork.visualizer.radioVisualizer, stage 1
Initializing module ComplexNetwork.visualizer.physicalLinkVisualizer, stage 1
Initializing module ComplexNetwork.visualizer.interfaceTableVisualizer, stage 1
Initializing module ComplexNetwork.visualizer.dataLinkVisualizer, stage 1
Initializing module ComplexNetwork.visualizer.linkBreakVisualizer, stage 1
Initializing module ComplexNetwork.visualizer.ieee80211Visualizer, stage 1
Initializing module ComplexNetwork.visualizer.networkRouteVisualizer, stage 1
Initializing module ComplexNetwork.visualizer.routingTableVisualizer, stage 1
Initializing module ComplexNetwork.visualizer.transportRouteVisualizer, stage 1
Initializing module ComplexNetwork.visualizer.transportConnectionVisualizer, stage 1
Initializing module ComplexNetwork.visualizer.failureProtectionConfigurationVisualizer, stage 1
Initializing module ComplexNetwork.visualizer.streamRedundancyConfigurationVisualizer, stage 1
Initializing module ComplexNetwork.rsu[0].appl, stage 1
Initializing module ComplexNetwork.rsu[0].nic.phy80211p, stage 1
Initializing module ComplexNetwork.rsu[0].nic.mac1609_4, stage 1
Initializing module ComplexNetwork.rsu[0].mobility, stage 1
Initializing module ComplexNetwork.rsu[1].appl, stage 1
Initializing module ComplexNetwork.rsu[1].nic.phy80211p, stage 1
Initializing module ComplexNetwork.rsu[1].nic.mac1609_4, stage 1
Initializing module ComplexNetwork.rsu[1].mobility, stage 1
Initializing module ComplexNetwork.rsu[2].appl, stage 1
Initializing module ComplexNetwork.rsu[2].nic.phy80211p, stage 1
Initializing module ComplexNetwork.rsu[2].nic.mac1609_4, stage 1
Initializing module ComplexNetwork.rsu[2].mobility, stage 1
Initializing module ComplexNetwork.configurator, stage 2
Initializing module ComplexNetwork.physicalEnvironment, stage 2
Initializing module ComplexNetwork.inetRadioMedium, stage 2
Initializing module ComplexNetwork.inetRadioMedium.analogModel, stage 2
Initializing module ComplexNetwork.inetRadioMedium.obstacleLoss, stage 2
Initializing module ComplexNetwork.inetRadioMedium.mediumLimitCache, stage 2
Initializing module ComplexNetwork.visualizer.sceneVisualizer, stage 2
Initializing module ComplexNetwork.visualizer.physicalEnvironmentVisualizer, stage 2
Initializing module ComplexNetwork.visualizer.networkNodeVisualizer, stage 2
Initializing module ComplexNetwork.visualizer.networkConnectionVisualizer, stage 2
Initializing module ComplexNetwork.visualizer.mobilityVisualizer, stage 2
Initializing module ComplexNetwork.visualizer.statisticVisualizer, stage 2
Initializing module ComplexNetwork.visualizer.infoVisualizer, stage 2
Initializing module ComplexNetwork.visualizer.energyStorageVisualizer, stage 2
Initializing module ComplexNetwork.visualizer.mediumVisualizer, stage 2
Initializing module ComplexNetwork.visualizer.obstacleLossVisualizer, stage 2
Initializing module ComplexNetwork.visualizer.packetDropVisualizer, stage 2
Initializing module ComplexNetwork.visualizer.packetFlowVisualizer, stage 2
Initializing module ComplexNetwork.visualizer.queueVisualizer, stage 2
Initializing module ComplexNetwork.visualizer.gateScheduleVisualizer, stage 2
Initializing module ComplexNetwork.visualizer.radioVisualizer, stage 2
Initializing module ComplexNetwork.visualizer.physicalLinkVisualizer, stage 2
Initializing module ComplexNetwork.visualizer.interfaceTableVisualizer, stage 2
Initializing module ComplexNetwork.visualizer.dataLinkVisualizer, stage 2
Initializing module ComplexNetwork.visualizer.linkBreakVisualizer, stage 2
Initializing module ComplexNetwork.visualizer.ieee80211Visualizer, stage 2
Initializing module ComplexNetwork.visualizer.networkRouteVisualizer, stage 2
Initializing module ComplexNetwork.visualizer.routingTableVisualizer, stage 2
Initializing module ComplexNetwork.visualizer.transportRouteVisualizer, stage 2
Initializing module ComplexNetwork.visualizer.transportConnectionVisualizer, stage 2
Initializing module ComplexNetwork.visualizer.failureProtectionConfigurationVisualizer, stage 2
Initializing module ComplexNetwork.visualizer.streamRedundancyConfigurationVisualizer, stage 2
Initializing module ComplexNetwork.configurator, stage 3
Initializing module ComplexNetwork.physicalEnvironment, stage 3
Initializing module ComplexNetwork.inetRadioMedium, stage 3
Initializing module ComplexNetwork.inetRadioMedium.analogModel, stage 3
Initializing module ComplexNetwork.inetRadioMedium.obstacleLoss, stage 3
Initializing module ComplexNetwork.inetRadioMedium.mediumLimitCache, stage 3
Initializing module ComplexNetwork.visualizer.sceneVisualizer, stage 3
Initializing module ComplexNetwork.visualizer.physicalEnvironmentVisualizer, stage 3
Initializing module ComplexNetwork.visualizer.networkNodeVisualizer, stage 3
Initializing module ComplexNetwork.visualizer.networkConnectionVisualizer, stage 3
Initializing module ComplexNetwork.visualizer.mobilityVisualizer, stage 3
Initializing module ComplexNetwork.visualizer.statisticVisualizer, stage 3
Initializing module ComplexNetwork.visualizer.infoVisualizer, stage 3
Initializing module ComplexNetwork.visualizer.energyStorageVisualizer, stage 3
Initializing module ComplexNetwork.visualizer.mediumVisualizer, stage 3
Initializing module ComplexNetwork.visualizer.obstacleLossVisualizer, stage 3
Initializing module ComplexNetwork.visualizer.packetDropVisualizer, stage 3
Initializing module ComplexNetwork.visualizer.packetFlowVisualizer, stage 3
Initializing module ComplexNetwork.visualizer.queueVisualizer, stage 3
Initializing module ComplexNetwork.visualizer.gateScheduleVisualizer, stage 3
Initializing module ComplexNetwork.visualizer.radioVisualizer, stage 3
Initializing module ComplexNetwork.visualizer.physicalLinkVisualizer, stage 3
Initializing module ComplexNetwork.visualizer.interfaceTableVisualizer, stage 3
Initializing module ComplexNetwork.visualizer.dataLinkVisualizer, stage 3
Initializing module ComplexNetwork.visualizer.linkBreakVisualizer, stage 3
Initializing module ComplexNetwork.visualizer.ieee80211Visualizer, stage 3
Initializing module ComplexNetwork.visualizer.networkRouteVisualizer, stage 3
Initializing module ComplexNetwork.visualizer.routingTableVisualizer, stage 3
Initializing module ComplexNetwork.visualizer.transportRouteVisualizer, stage 3
Initializing module ComplexNetwork.visualizer.transportConnectionVisualizer, stage 3
Initializing module ComplexNetwork.visualizer.failureProtectionConfigurationVisualizer, stage 3
Initializing module ComplexNetwork.visualizer.streamRedundancyConfigurationVisualizer, stage 3
Initializing module ComplexNetwork.configurator, stage 4
Initializing module ComplexNetwork.physicalEnvironment, stage 4
Initializing module ComplexNetwork.inetRadioMedium, stage 4
Initializing module ComplexNetwork.inetRadioMedium.analogModel, stage 4
Initializing module ComplexNetwork.inetRadioMedium.obstacleLoss, stage 4
Initializing module ComplexNetwork.inetRadioMedium.mediumLimitCache, stage 4
Initializing module ComplexNetwork.visualizer.sceneVisualizer, stage 4
Initializing module ComplexNetwork.visualizer.physicalEnvironmentVisualizer, stage 4
Initializing module ComplexNetwork.visualizer.networkNodeVisualizer, stage 4
Initializing module ComplexNetwork.visualizer.networkConnectionVisualizer, stage 4
Initializing module ComplexNetwork.visualizer.mobilityVisualizer, stage 4
Initializing module ComplexNetwork.visualizer.statisticVisualizer, stage 4
Initializing module ComplexNetwork.visualizer.infoVisualizer, stage 4
Initializing module ComplexNetwork.visualizer.energyStorageVisualizer, stage 4
Initializing module ComplexNetwork.visualizer.mediumVisualizer, stage 4
Initializing module ComplexNetwork.visualizer.obstacleLossVisualizer, stage 4
Initializing module ComplexNetwork.visualizer.packetDropVisualizer, stage 4
Initializing module ComplexNetwork.visualizer.packetFlowVisualizer, stage 4
Initializing module ComplexNetwork.visualizer.queueVisualizer, stage 4
Initializing module ComplexNetwork.visualizer.gateScheduleVisualizer, stage 4
Initializing module ComplexNetwork.visualizer.radioVisualizer, stage 4
Initializing module ComplexNetwork.visualizer.physicalLinkVisualizer, stage 4
Initializing module ComplexNetwork.visualizer.interfaceTableVisualizer, stage 4
Initializing module ComplexNetwork.visualizer.dataLinkVisualizer, stage 4
Initializing module ComplexNetwork.visualizer.linkBreakVisualizer, stage 4
Initializing module ComplexNetwork.visualizer.ieee80211Visualizer, stage 4
Initializing module ComplexNetwork.visualizer.networkRouteVisualizer, stage 4
Initializing module ComplexNetwork.visualizer.routingTableVisualizer, stage 4
Initializing module ComplexNetwork.visualizer.transportRouteVisualizer, stage 4
Initializing module ComplexNetwork.visualizer.transportConnectionVisualizer, stage 4
Initializing module ComplexNetwork.visualizer.failureProtectionConfigurationVisualizer, stage 4
Initializing module ComplexNetwork.visualizer.streamRedundancyConfigurationVisualizer, stage 4
Initializing module ComplexNetwork.configurator, stage 5
Initializing module ComplexNetwork.physicalEnvironment, stage 5
Initializing module ComplexNetwork.inetRadioMedium, stage 5
Initializing module ComplexNetwork.inetRadioMedium.analogModel, stage 5
Initializing module ComplexNetwork.inetRadioMedium.obstacleLoss, stage 5
Initializing module ComplexNetwork.inetRadioMedium.mediumLimitCache, stage 5
Initializing module ComplexNetwork.visualizer.sceneVisualizer, stage 5
Initializing module ComplexNetwork.visualizer.physicalEnvironmentVisualizer, stage 5
Initializing module ComplexNetwork.visualizer.networkNodeVisualizer, stage 5
Initializing module ComplexNetwork.visualizer.networkConnectionVisualizer, stage 5
Initializing module ComplexNetwork.visualizer.mobilityVisualizer, stage 5
Initializing module ComplexNetwork.visualizer.statisticVisualizer, stage 5
Initializing module ComplexNetwork.visualizer.infoVisualizer, stage 5
Initializing module ComplexNetwork.visualizer.energyStorageVisualizer, stage 5
Initializing module ComplexNetwork.visualizer.mediumVisualizer, stage 5
Initializing module ComplexNetwork.visualizer.obstacleLossVisualizer, stage 5
Initializing module ComplexNetwork.visualizer.packetDropVisualizer, stage 5
Initializing module ComplexNetwork.visualizer.packetFlowVisualizer, stage 5
Initializing module ComplexNetwork.visualizer.queueVisualizer, stage 5
Initializing module ComplexNetwork.visualizer.gateScheduleVisualizer, stage 5
Initializing module ComplexNetwork.visualizer.radioVisualizer, stage 5
Initializing module ComplexNetwork.visualizer.physicalLinkVisualizer, stage 5
Initializing module ComplexNetwork.visualizer.interfaceTableVisualizer, stage 5
Initializing module ComplexNetwork.visualizer.dataLinkVisualizer, stage 5
Initializing module ComplexNetwork.visualizer.linkBreakVisualizer, stage 5
Initializing module ComplexNetwork.visualizer.ieee80211Visualizer, stage 5
Initializing module ComplexNetwork.visualizer.networkRouteVisualizer, stage 5
Initializing module ComplexNetwork.visualizer.routingTableVisualizer, stage 5
Initializing module ComplexNetwork.visualizer.transportRouteVisualizer, stage 5
Initializing module ComplexNetwork.visualizer.transportConnectionVisualizer, stage 5
Initializing module ComplexNetwork.visualizer.failureProtectionConfigurationVisualizer, stage 5
Initializing module ComplexNetwork.visualizer.streamRedundancyConfigurationVisualizer, stage 5
Initializing module ComplexNetwork.configurator, stage 6
Initializing module ComplexNetwork.physicalEnvironment, stage 6
Initializing module ComplexNetwork.inetRadioMedium, stage 6
Initializing module ComplexNetwork.inetRadioMedium.analogModel, stage 6
Initializing module ComplexNetwork.inetRadioMedium.obstacleLoss, stage 6
Initializing module ComplexNetwork.inetRadioMedium.mediumLimitCache, stage 6
Initializing module ComplexNetwork.visualizer.sceneVisualizer, stage 6
Initializing module ComplexNetwork.visualizer.physicalEnvironmentVisualizer, stage 6
Initializing module ComplexNetwork.visualizer.networkNodeVisualizer, stage 6
Initializing module ComplexNetwork.visualizer.networkConnectionVisualizer, stage 6
Initializing module ComplexNetwork.visualizer.mobilityVisualizer, stage 6
Initializing module ComplexNetwork.visualizer.statisticVisualizer, stage 6
Initializing module ComplexNetwork.visualizer.infoVisualizer, stage 6
Initializing module ComplexNetwork.visualizer.energyStorageVisualizer, stage 6
Initializing module ComplexNetwork.visualizer.mediumVisualizer, stage 6
Initializing module ComplexNetwork.visualizer.obstacleLossVisualizer, stage 6
Initializing module ComplexNetwork.visualizer.packetDropVisualizer, stage 6
Initializing module ComplexNetwork.visualizer.packetFlowVisualizer, stage 6
Initializing module ComplexNetwork.visualizer.queueVisualizer, stage 6
Initializing module ComplexNetwork.visualizer.gateScheduleVisualizer, stage 6
Initializing module ComplexNetwork.visualizer.radioVisualizer, stage 6
Initializing module ComplexNetwork.visualizer.physicalLinkVisualizer, stage 6
Initializing module ComplexNetwork.visualizer.interfaceTableVisualizer, stage 6
Initializing module ComplexNetwork.visualizer.dataLinkVisualizer, stage 6
Initializing module ComplexNetwork.visualizer.linkBreakVisualizer, stage 6
Initializing module ComplexNetwork.visualizer.ieee80211Visualizer, stage 6
Initializing module ComplexNetwork.visualizer.networkRouteVisualizer, stage 6
Initializing module ComplexNetwork.visualizer.routingTableVisualizer, stage 6
Initializing module ComplexNetwork.visualizer.transportRouteVisualizer, stage 6
Initializing module ComplexNetwork.visualizer.transportConnectionVisualizer, stage 6
Initializing module ComplexNetwork.visualizer.failureProtectionConfigurationVisualizer, stage 6
Initializing module ComplexNetwork.visualizer.streamRedundancyConfigurationVisualizer, stage 6
Initializing module ComplexNetwork.configurator, stage 7
Initializing module ComplexNetwork.physicalEnvironment, stage 7
Initializing module ComplexNetwork.inetRadioMedium, stage 7
Initializing module ComplexNetwork.inetRadioMedium.analogModel, stage 7
Initializing module ComplexNetwork.inetRadioMedium.obstacleLoss, stage 7
Initializing module ComplexNetwork.inetRadioMedium.mediumLimitCache, stage 7
Initializing module ComplexNetwork.visualizer.sceneVisualizer, stage 7
Initializing module ComplexNetwork.visualizer.physicalEnvironmentVisualizer, stage 7
Initializing module ComplexNetwork.visualizer.networkNodeVisualizer, stage 7
Initializing module ComplexNetwork.visualizer.networkConnectionVisualizer, stage 7
Initializing module ComplexNetwork.visualizer.mobilityVisualizer, stage 7
Initializing module ComplexNetwork.visualizer.statisticVisualizer, stage 7
Initializing module ComplexNetwork.visualizer.infoVisualizer, stage 7
Initializing module ComplexNetwork.visualizer.energyStorageVisualizer, stage 7
Initializing module ComplexNetwork.visualizer.mediumVisualizer, stage 7
Initializing module ComplexNetwork.visualizer.obstacleLossVisualizer, stage 7
Initializing module ComplexNetwork.visualizer.packetDropVisualizer, stage 7
Initializing module ComplexNetwork.visualizer.packetFlowVisualizer, stage 7
Initializing module ComplexNetwork.visualizer.queueVisualizer, stage 7
Initializing module ComplexNetwork.visualizer.gateScheduleVisualizer, stage 7
Initializing module ComplexNetwork.visualizer.radioVisualizer, stage 7
Initializing module ComplexNetwork.visualizer.physicalLinkVisualizer, stage 7
Initializing module ComplexNetwork.visualizer.interfaceTableVisualizer, stage 7
Initializing module ComplexNetwork.visualizer.dataLinkVisualizer, stage 7
Initializing module ComplexNetwork.visualizer.linkBreakVisualizer, stage 7
Initializing module ComplexNetwork.visualizer.ieee80211Visualizer, stage 7
Initializing module ComplexNetwork.visualizer.networkRouteVisualizer, stage 7
Initializing module ComplexNetwork.visualizer.routingTableVisualizer, stage 7
Initializing module ComplexNetwork.visualizer.transportRouteVisualizer, stage 7
Initializing module ComplexNetwork.visualizer.transportConnectionVisualizer, stage 7
Initializing module ComplexNetwork.visualizer.failureProtectionConfigurationVisualizer, stage 7
Initializing module ComplexNetwork.visualizer.streamRedundancyConfigurationVisualizer, stage 7
Initializing module ComplexNetwork.configurator, stage 8
Initializing module ComplexNetwork.physicalEnvironment, stage 8
Initializing module ComplexNetwork.inetRadioMedium, stage 8
Initializing module ComplexNetwork.inetRadioMedium.analogModel, stage 8
Initializing module ComplexNetwork.inetRadioMedium.obstacleLoss, stage 8
Initializing module ComplexNetwork.inetRadioMedium.mediumLimitCache, stage 8
Initializing module ComplexNetwork.visualizer.sceneVisualizer, stage 8
Initializing module ComplexNetwork.visualizer.physicalEnvironmentVisualizer, stage 8
Initializing module ComplexNetwork.visualizer.networkNodeVisualizer, stage 8
Initializing module ComplexNetwork.visualizer.networkConnectionVisualizer, stage 8
Initializing module ComplexNetwork.visualizer.mobilityVisualizer, stage 8
Initializing module ComplexNetwork.visualizer.statisticVisualizer, stage 8
Initializing module ComplexNetwork.visualizer.infoVisualizer, stage 8
Initializing module ComplexNetwork.visualizer.energyStorageVisualizer, stage 8
Initializing module ComplexNetwork.visualizer.mediumVisualizer, stage 8
Initializing module ComplexNetwork.visualizer.obstacleLossVisualizer, stage 8
Initializing module ComplexNetwork.visualizer.packetDropVisualizer, stage 8
Initializing module ComplexNetwork.visualizer.packetFlowVisualizer, stage 8
Initializing module ComplexNetwork.visualizer.queueVisualizer, stage 8
Initializing module ComplexNetwork.visualizer.gateScheduleVisualizer, stage 8
Initializing module ComplexNetwork.visualizer.radioVisualizer, stage 8
Initializing module ComplexNetwork.visualizer.physicalLinkVisualizer, stage 8
Initializing module ComplexNetwork.visualizer.interfaceTableVisualizer, stage 8
Initializing module ComplexNetwork.visualizer.dataLinkVisualizer, stage 8
Initializing module ComplexNetwork.visualizer.linkBreakVisualizer, stage 8
Initializing module ComplexNetwork.visualizer.ieee80211Visualizer, stage 8
Initializing module ComplexNetwork.visualizer.networkRouteVisualizer, stage 8
Initializing module ComplexNetwork.visualizer.routingTableVisualizer, stage 8
Initializing module ComplexNetwork.visualizer.transportRouteVisualizer, stage 8
Initializing module ComplexNetwork.visualizer.transportConnectionVisualizer, stage 8
Initializing module ComplexNetwork.visualizer.failureProtectionConfigurationVisualizer, stage 8
Initializing module ComplexNetwork.visualizer.streamRedundancyConfigurationVisualizer, stage 8
Initializing module ComplexNetwork.configurator, stage 9
Initializing module ComplexNetwork.physicalEnvironment, stage 9
Initializing module ComplexNetwork.inetRadioMedium, stage 9
Initializing module ComplexNetwork.inetRadioMedium.analogModel, stage 9
Initializing module ComplexNetwork.inetRadioMedium.obstacleLoss, stage 9
Initializing module ComplexNetwork.inetRadioMedium.mediumLimitCache, stage 9
Initializing module ComplexNetwork.visualizer.sceneVisualizer, stage 9
Initializing module ComplexNetwork.visualizer.physicalEnvironmentVisualizer, stage 9
Initializing module ComplexNetwork.visualizer.networkNodeVisualizer, stage 9
Initializing module ComplexNetwork.visualizer.networkConnectionVisualizer, stage 9
Initializing module ComplexNetwork.visualizer.mobilityVisualizer, stage 9
Initializing module ComplexNetwork.visualizer.statisticVisualizer, stage 9
Initializing module ComplexNetwork.visualizer.infoVisualizer, stage 9
Initializing module ComplexNetwork.visualizer.energyStorageVisualizer, stage 9
Initializing module ComplexNetwork.visualizer.mediumVisualizer, stage 9
Initializing module ComplexNetwork.visualizer.obstacleLossVisualizer, stage 9
Initializing module ComplexNetwork.visualizer.packetDropVisualizer, stage 9
Initializing module ComplexNetwork.visualizer.packetFlowVisualizer, stage 9
Initializing module ComplexNetwork.visualizer.queueVisualizer, stage 9
Initializing module ComplexNetwork.visualizer.gateScheduleVisualizer, stage 9
Initializing module ComplexNetwork.visualizer.radioVisualizer, stage 9
Initializing module ComplexNetwork.visualizer.physicalLinkVisualizer, stage 9
Initializing module ComplexNetwork.visualizer.interfaceTableVisualizer, stage 9
Initializing module ComplexNetwork.visualizer.dataLinkVisualizer, stage 9
Initializing module ComplexNetwork.visualizer.linkBreakVisualizer, stage 9
Initializing module ComplexNetwork.visualizer.ieee80211Visualizer, stage 9
Initializing module ComplexNetwork.visualizer.networkRouteVisualizer, stage 9
Initializing module ComplexNetwork.visualizer.routingTableVisualizer, stage 9
Initializing module ComplexNetwork.visualizer.transportRouteVisualizer, stage 9
Initializing module ComplexNetwork.visualizer.transportConnectionVisualizer, stage 9
Initializing module ComplexNetwork.visualizer.failureProtectionConfigurationVisualizer, stage 9
Initializing module ComplexNetwork.visualizer.streamRedundancyConfigurationVisualizer, stage 9
Initializing module ComplexNetwork.configurator, stage 10
Initializing module ComplexNetwork.physicalEnvironment, stage 10
Initializing module ComplexNetwork.inetRadioMedium, stage 10
Initializing module ComplexNetwork.inetRadioMedium.analogModel, stage 10
Initializing module ComplexNetwork.inetRadioMedium.obstacleLoss, stage 10
Initializing module ComplexNetwork.inetRadioMedium.mediumLimitCache, stage 10
Initializing module ComplexNetwork.visualizer.sceneVisualizer, stage 10
Initializing module ComplexNetwork.visualizer.physicalEnvironmentVisualizer, stage 10
Initializing module ComplexNetwork.visualizer.networkNodeVisualizer, stage 10
Initializing module ComplexNetwork.visualizer.networkConnectionVisualizer, stage 10
Initializing module ComplexNetwork.visualizer.mobilityVisualizer, stage 10
Initializing module ComplexNetwork.visualizer.statisticVisualizer, stage 10
Initializing module ComplexNetwork.visualizer.infoVisualizer, stage 10
Initializing module ComplexNetwork.visualizer.energyStorageVisualizer, stage 10
Initializing module ComplexNetwork.visualizer.mediumVisualizer, stage 10
Initializing module ComplexNetwork.visualizer.obstacleLossVisualizer, stage 10
Initializing module ComplexNetwork.visualizer.packetDropVisualizer, stage 10
Initializing module ComplexNetwork.visualizer.packetFlowVisualizer, stage 10
Initializing module ComplexNetwork.visualizer.queueVisualizer, stage 10
Initializing module ComplexNetwork.visualizer.gateScheduleVisualizer, stage 10
Initializing module ComplexNetwork.visualizer.radioVisualizer, stage 10
Initializing module ComplexNetwork.visualizer.physicalLinkVisualizer, stage 10
Initializing module ComplexNetwork.visualizer.interfaceTableVisualizer, stage 10
Initializing module ComplexNetwork.visualizer.dataLinkVisualizer, stage 10
Initializing module ComplexNetwork.visualizer.linkBreakVisualizer, stage 10
Initializing module ComplexNetwork.visualizer.ieee80211Visualizer, stage 10
Initializing module ComplexNetwork.visualizer.networkRouteVisualizer, stage 10
Initializing module ComplexNetwork.visualizer.routingTableVisualizer, stage 10
Initializing module ComplexNetwork.visualizer.transportRouteVisualizer, stage 10
Initializing module ComplexNetwork.visualizer.transportConnectionVisualizer, stage 10
Initializing module ComplexNetwork.visualizer.failureProtectionConfigurationVisualizer, stage 10
Initializing module ComplexNetwork.visualizer.streamRedundancyConfigurationVisualizer, stage 10
Initializing module ComplexNetwork.configurator, stage 11
Initializing module ComplexNetwork.physicalEnvironment, stage 11
Initializing module ComplexNetwork.inetRadioMedium, stage 11
Initializing module ComplexNetwork.inetRadioMedium.analogModel, stage 11
Initializing module ComplexNetwork.inetRadioMedium.obstacleLoss, stage 11
Initializing module ComplexNetwork.inetRadioMedium.mediumLimitCache, stage 11
Initializing module ComplexNetwork.visualizer.sceneVisualizer, stage 11
Initializing module ComplexNetwork.visualizer.physicalEnvironmentVisualizer, stage 11
Initializing module ComplexNetwork.visualizer.networkNodeVisualizer, stage 11
Initializing module ComplexNetwork.visualizer.networkConnectionVisualizer, stage 11
Initializing module ComplexNetwork.visualizer.mobilityVisualizer, stage 11
Initializing module ComplexNetwork.visualizer.statisticVisualizer, stage 11
Initializing module ComplexNetwork.visualizer.infoVisualizer, stage 11
Initializing module ComplexNetwork.visualizer.energyStorageVisualizer, stage 11
Initializing module ComplexNetwork.visualizer.mediumVisualizer, stage 11
Initializing module ComplexNetwork.visualizer.obstacleLossVisualizer, stage 11
Initializing module ComplexNetwork.visualizer.packetDropVisualizer, stage 11
Initializing module ComplexNetwork.visualizer.packetFlowVisualizer, stage 11
Initializing module ComplexNetwork.visualizer.queueVisualizer, stage 11
Initializing module ComplexNetwork.visualizer.gateScheduleVisualizer, stage 11
Initializing module ComplexNetwork.visualizer.radioVisualizer, stage 11
Initializing module ComplexNetwork.visualizer.physicalLinkVisualizer, stage 11
Initializing module ComplexNetwork.visualizer.interfaceTableVisualizer, stage 11
Initializing module ComplexNetwork.visualizer.dataLinkVisualizer, stage 11
Initializing module ComplexNetwork.visualizer.linkBreakVisualizer, stage 11
Initializing module ComplexNetwork.visualizer.ieee80211Visualizer, stage 11
Initializing module ComplexNetwork.visualizer.networkRouteVisualizer, stage 11
Initializing module ComplexNetwork.visualizer.routingTableVisualizer, stage 11
Initializing module ComplexNetwork.visualizer.transportRouteVisualizer, stage 11
Initializing module ComplexNetwork.visualizer.transportConnectionVisualizer, stage 11
Initializing module ComplexNetwork.visualizer.failureProtectionConfigurationVisualizer, stage 11
Initializing module ComplexNetwork.visualizer.streamRedundancyConfigurationVisualizer, stage 11
Initializing module ComplexNetwork.configurator, stage 12
SHADOWComputing static network configuration (addresses and routes)
SHADOWExtracting network topology
SHADOWReading network interface configuration of 1 XML elements
SHADOWAssigning network interface addresses to 0 links
SHADOWReading multicast group configuration of 0 XML elements
SHADOWReading manual route configuration of 0 XML elements
SHADOWReading multicast route configuration of 0 XML elements
SHADOWAdding static routes
Initializing module ComplexNetwork.physicalEnvironment, stage 12
Initializing module ComplexNetwork.inetRadioMedium, stage 12
Initializing module ComplexNetwork.inetRadioMedium.analogModel, stage 12
Initializing module ComplexNetwork.inetRadioMedium.obstacleLoss, stage 12
Initializing module ComplexNetwork.inetRadioMedium.mediumLimitCache, stage 12
Initializing module ComplexNetwork.visualizer.sceneVisualizer, stage 12
Initializing module ComplexNetwork.visualizer.physicalEnvironmentVisualizer, stage 12
Initializing module ComplexNetwork.visualizer.networkNodeVisualizer, stage 12
Initializing module ComplexNetwork.visualizer.networkConnectionVisualizer, stage 12
Initializing module ComplexNetwork.visualizer.mobilityVisualizer, stage 12
Initializing module ComplexNetwork.visualizer.statisticVisualizer, stage 12
Initializing module ComplexNetwork.visualizer.infoVisualizer, stage 12
Initializing module ComplexNetwork.visualizer.energyStorageVisualizer, stage 12
Initializing module ComplexNetwork.visualizer.mediumVisualizer, stage 12
Initializing module ComplexNetwork.visualizer.obstacleLossVisualizer, stage 12
Initializing module ComplexNetwork.visualizer.packetDropVisualizer, stage 12
Initializing module ComplexNetwork.visualizer.packetFlowVisualizer, stage 12
Initializing module ComplexNetwork.visualizer.queueVisualizer, stage 12
Initializing module ComplexNetwork.visualizer.gateScheduleVisualizer, stage 12
Initializing module ComplexNetwork.visualizer.radioVisualizer, stage 12
Initializing module ComplexNetwork.visualizer.physicalLinkVisualizer, stage 12
Initializing module ComplexNetwork.visualizer.interfaceTableVisualizer, stage 12
Initializing module ComplexNetwork.visualizer.dataLinkVisualizer, stage 12
Initializing module ComplexNetwork.visualizer.linkBreakVisualizer, stage 12
Initializing module ComplexNetwork.visualizer.ieee80211Visualizer, stage 12
Initializing module ComplexNetwork.visualizer.networkRouteVisualizer, stage 12
Initializing module ComplexNetwork.visualizer.routingTableVisualizer, stage 12
Initializing module ComplexNetwork.visualizer.transportRouteVisualizer, stage 12
Initializing module ComplexNetwork.visualizer.transportConnectionVisualizer, stage 12
Initializing module ComplexNetwork.visualizer.failureProtectionConfigurationVisualizer, stage 12
Initializing module ComplexNetwork.visualizer.streamRedundancyConfigurationVisualizer, stage 12
Initializing module ComplexNetwork.configurator, stage 13
Initializing module ComplexNetwork.physicalEnvironment, stage 13
Initializing module ComplexNetwork.inetRadioMedium, stage 13
Initializing module ComplexNetwork.inetRadioMedium.analogModel, stage 13
Initializing module ComplexNetwork.inetRadioMedium.obstacleLoss, stage 13
Initializing module ComplexNetwork.inetRadioMedium.mediumLimitCache, stage 13
Initializing module ComplexNetwork.visualizer.sceneVisualizer, stage 13
Initializing module ComplexNetwork.visualizer.physicalEnvironmentVisualizer, stage 13
Initializing module ComplexNetwork.visualizer.networkNodeVisualizer, stage 13
Initializing module ComplexNetwork.visualizer.networkConnectionVisualizer, stage 13
Initializing module ComplexNetwork.visualizer.mobilityVisualizer, stage 13
Initializing module ComplexNetwork.visualizer.statisticVisualizer, stage 13
Initializing module ComplexNetwork.visualizer.infoVisualizer, stage 13
Initializing module ComplexNetwork.visualizer.energyStorageVisualizer, stage 13
Initializing module ComplexNetwork.visualizer.mediumVisualizer, stage 13
Initializing module ComplexNetwork.visualizer.obstacleLossVisualizer, stage 13
Initializing module ComplexNetwork.visualizer.packetDropVisualizer, stage 13
Initializing module ComplexNetwork.visualizer.packetFlowVisualizer, stage 13
Initializing module ComplexNetwork.visualizer.queueVisualizer, stage 13
Initializing module ComplexNetwork.visualizer.gateScheduleVisualizer, stage 13
Initializing module ComplexNetwork.visualizer.radioVisualizer, stage 13
Initializing module ComplexNetwork.visualizer.physicalLinkVisualizer, stage 13
Initializing module ComplexNetwork.visualizer.interfaceTableVisualizer, stage 13
Initializing module ComplexNetwork.visualizer.dataLinkVisualizer, stage 13
Initializing module ComplexNetwork.visualizer.linkBreakVisualizer, stage 13
Initializing module ComplexNetwork.visualizer.ieee80211Visualizer, stage 13
Initializing module ComplexNetwork.visualizer.networkRouteVisualizer, stage 13
Initializing module ComplexNetwork.visualizer.routingTableVisualizer, stage 13
Initializing module ComplexNetwork.visualizer.transportRouteVisualizer, stage 13
Initializing module ComplexNetwork.visualizer.transportConnectionVisualizer, stage 13
Initializing module ComplexNetwork.visualizer.failureProtectionConfigurationVisualizer, stage 13
Initializing module ComplexNetwork.visualizer.streamRedundancyConfigurationVisualizer, stage 13
Initializing module ComplexNetwork.configurator, stage 14
Initializing module ComplexNetwork.physicalEnvironment, stage 14
Initializing module ComplexNetwork.inetRadioMedium, stage 14
Initializing module ComplexNetwork.inetRadioMedium.analogModel, stage 14
Initializing module ComplexNetwork.inetRadioMedium.obstacleLoss, stage 14
Initializing module ComplexNetwork.inetRadioMedium.mediumLimitCache, stage 14
Initializing module ComplexNetwork.visualizer.sceneVisualizer, stage 14
Initializing module ComplexNetwork.visualizer.physicalEnvironmentVisualizer, stage 14
Initializing module ComplexNetwork.visualizer.networkNodeVisualizer, stage 14
Initializing module ComplexNetwork.visualizer.networkConnectionVisualizer, stage 14
Initializing module ComplexNetwork.visualizer.mobilityVisualizer, stage 14
Initializing module ComplexNetwork.visualizer.statisticVisualizer, stage 14
Initializing module ComplexNetwork.visualizer.infoVisualizer, stage 14
Initializing module ComplexNetwork.visualizer.energyStorageVisualizer, stage 14
Initializing module ComplexNetwork.visualizer.mediumVisualizer, stage 14
Initializing module ComplexNetwork.visualizer.obstacleLossVisualizer, stage 14
Initializing module ComplexNetwork.visualizer.packetDropVisualizer, stage 14
Initializing module ComplexNetwork.visualizer.packetFlowVisualizer, stage 14
Initializing module ComplexNetwork.visualizer.queueVisualizer, stage 14
Initializing module ComplexNetwork.visualizer.gateScheduleVisualizer, stage 14
Initializing module ComplexNetwork.visualizer.radioVisualizer, stage 14
Initializing module ComplexNetwork.visualizer.physicalLinkVisualizer, stage 14
Initializing module ComplexNetwork.visualizer.interfaceTableVisualizer, stage 14
Initializing module ComplexNetwork.visualizer.dataLinkVisualizer, stage 14
Initializing module ComplexNetwork.visualizer.linkBreakVisualizer, stage 14
Initializing module ComplexNetwork.visualizer.ieee80211Visualizer, stage 14
Initializing module ComplexNetwork.visualizer.networkRouteVisualizer, stage 14
Initializing module ComplexNetwork.visualizer.routingTableVisualizer, stage 14
Initializing module ComplexNetwork.visualizer.transportRouteVisualizer, stage 14
Initializing module ComplexNetwork.visualizer.transportConnectionVisualizer, stage 14
Initializing module ComplexNetwork.visualizer.failureProtectionConfigurationVisualizer, stage 14
Initializing module ComplexNetwork.visualizer.streamRedundancyConfigurationVisualizer, stage 14
Initializing module ComplexNetwork.configurator, stage 15
Initializing module ComplexNetwork.physicalEnvironment, stage 15
Initializing module ComplexNetwork.inetRadioMedium, stage 15
Initializing module ComplexNetwork.inetRadioMedium.analogModel, stage 15
Initializing module ComplexNetwork.inetRadioMedium.obstacleLoss, stage 15
Initializing module ComplexNetwork.inetRadioMedium.mediumLimitCache, stage 15
Initializing module ComplexNetwork.visualizer.sceneVisualizer, stage 15
Initializing module ComplexNetwork.visualizer.physicalEnvironmentVisualizer, stage 15
Initializing module ComplexNetwork.visualizer.networkNodeVisualizer, stage 15
Initializing module ComplexNetwork.visualizer.networkConnectionVisualizer, stage 15
Initializing module ComplexNetwork.visualizer.mobilityVisualizer, stage 15
Initializing module ComplexNetwork.visualizer.statisticVisualizer, stage 15
Initializing module ComplexNetwork.visualizer.infoVisualizer, stage 15
Initializing module ComplexNetwork.visualizer.energyStorageVisualizer, stage 15
Initializing module ComplexNetwork.visualizer.mediumVisualizer, stage 15
Initializing module ComplexNetwork.visualizer.obstacleLossVisualizer, stage 15
Initializing module ComplexNetwork.visualizer.packetDropVisualizer, stage 15
Initializing module ComplexNetwork.visualizer.packetFlowVisualizer, stage 15
Initializing module ComplexNetwork.visualizer.queueVisualizer, stage 15
Initializing module ComplexNetwork.visualizer.gateScheduleVisualizer, stage 15
Initializing module ComplexNetwork.visualizer.radioVisualizer, stage 15
Initializing module ComplexNetwork.visualizer.physicalLinkVisualizer, stage 15
Initializing module ComplexNetwork.visualizer.interfaceTableVisualizer, stage 15
Initializing module ComplexNetwork.visualizer.dataLinkVisualizer, stage 15
Initializing module ComplexNetwork.visualizer.linkBreakVisualizer, stage 15
Initializing module ComplexNetwork.visualizer.ieee80211Visualizer, stage 15
Initializing module ComplexNetwork.visualizer.networkRouteVisualizer, stage 15
Initializing module ComplexNetwork.visualizer.routingTableVisualizer, stage 15
Initializing module ComplexNetwork.visualizer.transportRouteVisualizer, stage 15
Initializing module ComplexNetwork.visualizer.transportConnectionVisualizer, stage 15
Initializing module ComplexNetwork.visualizer.failureProtectionConfigurationVisualizer, stage 15
Initializing module ComplexNetwork.visualizer.streamRedundancyConfigurationVisualizer, stage 15
Initializing module ComplexNetwork.configurator, stage 16
Initializing module ComplexNetwork.physicalEnvironment, stage 16
Initializing module ComplexNetwork.inetRadioMedium, stage 16
Initializing module ComplexNetwork.inetRadioMedium.analogModel, stage 16
Initializing module ComplexNetwork.inetRadioMedium.obstacleLoss, stage 16
Initializing module ComplexNetwork.inetRadioMedium.mediumLimitCache, stage 16
Initializing module ComplexNetwork.visualizer.sceneVisualizer, stage 16
Initializing module ComplexNetwork.visualizer.physicalEnvironmentVisualizer, stage 16
Initializing module ComplexNetwork.visualizer.networkNodeVisualizer, stage 16
Initializing module ComplexNetwork.visualizer.networkConnectionVisualizer, stage 16
Initializing module ComplexNetwork.visualizer.mobilityVisualizer, stage 16
Initializing module ComplexNetwork.visualizer.statisticVisualizer, stage 16
Initializing module ComplexNetwork.visualizer.infoVisualizer, stage 16
Initializing module ComplexNetwork.visualizer.energyStorageVisualizer, stage 16
Initializing module ComplexNetwork.visualizer.mediumVisualizer, stage 16
Initializing module ComplexNetwork.visualizer.obstacleLossVisualizer, stage 16
Initializing module ComplexNetwork.visualizer.packetDropVisualizer, stage 16
Initializing module ComplexNetwork.visualizer.packetFlowVisualizer, stage 16
Initializing module ComplexNetwork.visualizer.queueVisualizer, stage 16
Initializing module ComplexNetwork.visualizer.gateScheduleVisualizer, stage 16
Initializing module ComplexNetwork.visualizer.radioVisualizer, stage 16
Initializing module ComplexNetwork.visualizer.physicalLinkVisualizer, stage 16
Initializing module ComplexNetwork.visualizer.interfaceTableVisualizer, stage 16
Initializing module ComplexNetwork.visualizer.dataLinkVisualizer, stage 16
Initializing module ComplexNetwork.visualizer.linkBreakVisualizer, stage 16
Initializing module ComplexNetwork.visualizer.ieee80211Visualizer, stage 16
Initializing module ComplexNetwork.visualizer.networkRouteVisualizer, stage 16
Initializing module ComplexNetwork.visualizer.routingTableVisualizer, stage 16
Initializing module ComplexNetwork.visualizer.transportRouteVisualizer, stage 16
Initializing module ComplexNetwork.visualizer.transportConnectionVisualizer, stage 16
Initializing module ComplexNetwork.visualizer.failureProtectionConfigurationVisualizer, stage 16
Initializing module ComplexNetwork.visualizer.streamRedundancyConfigurationVisualizer, stage 16
Initializing module ComplexNetwork.configurator, stage 17
Initializing module ComplexNetwork.physicalEnvironment, stage 17
Initializing module ComplexNetwork.inetRadioMedium, stage 17
Initializing module ComplexNetwork.inetRadioMedium.analogModel, stage 17
Initializing module ComplexNetwork.inetRadioMedium.obstacleLoss, stage 17
Initializing module ComplexNetwork.inetRadioMedium.mediumLimitCache, stage 17
Initializing module ComplexNetwork.visualizer.sceneVisualizer, stage 17
Initializing module ComplexNetwork.visualizer.physicalEnvironmentVisualizer, stage 17
Initializing module ComplexNetwork.visualizer.networkNodeVisualizer, stage 17
Initializing module ComplexNetwork.visualizer.networkConnectionVisualizer, stage 17
Initializing module ComplexNetwork.visualizer.mobilityVisualizer, stage 17
Initializing module ComplexNetwork.visualizer.statisticVisualizer, stage 17
Initializing module ComplexNetwork.visualizer.infoVisualizer, stage 17
Initializing module ComplexNetwork.visualizer.energyStorageVisualizer, stage 17
Initializing module ComplexNetwork.visualizer.mediumVisualizer, stage 17
Initializing module ComplexNetwork.visualizer.obstacleLossVisualizer, stage 17
Initializing module ComplexNetwork.visualizer.packetDropVisualizer, stage 17
Initializing module ComplexNetwork.visualizer.packetFlowVisualizer, stage 17
Initializing module ComplexNetwork.visualizer.queueVisualizer, stage 17
Initializing module ComplexNetwork.visualizer.gateScheduleVisualizer, stage 17
Initializing module ComplexNetwork.visualizer.radioVisualizer, stage 17
Initializing module ComplexNetwork.visualizer.physicalLinkVisualizer, stage 17
Initializing module ComplexNetwork.visualizer.interfaceTableVisualizer, stage 17
Initializing module ComplexNetwork.visualizer.dataLinkVisualizer, stage 17
Initializing module ComplexNetwork.visualizer.linkBreakVisualizer, stage 17
Initializing module ComplexNetwork.visualizer.ieee80211Visualizer, stage 17
Initializing module ComplexNetwork.visualizer.networkRouteVisualizer, stage 17
Initializing module ComplexNetwork.visualizer.routingTableVisualizer, stage 17
Initializing module ComplexNetwork.visualizer.transportRouteVisualizer, stage 17
Initializing module ComplexNetwork.visualizer.transportConnectionVisualizer, stage 17
Initializing module ComplexNetwork.visualizer.failureProtectionConfigurationVisualizer, stage 17
Initializing module ComplexNetwork.visualizer.streamRedundancyConfigurationVisualizer, stage 17
Initializing module ComplexNetwork.configurator, stage 18
Initializing module ComplexNetwork.physicalEnvironment, stage 18
Initializing module ComplexNetwork.inetRadioMedium, stage 18
Initializing module ComplexNetwork.inetRadioMedium.analogModel, stage 18
Initializing module ComplexNetwork.inetRadioMedium.obstacleLoss, stage 18
Initializing module ComplexNetwork.inetRadioMedium.mediumLimitCache, stage 18
Initializing module ComplexNetwork.visualizer.sceneVisualizer, stage 18
Initializing module ComplexNetwork.visualizer.physicalEnvironmentVisualizer, stage 18
Initializing module ComplexNetwork.visualizer.networkNodeVisualizer, stage 18
Initializing module ComplexNetwork.visualizer.networkConnectionVisualizer, stage 18
Initializing module ComplexNetwork.visualizer.mobilityVisualizer, stage 18
Initializing module ComplexNetwork.visualizer.statisticVisualizer, stage 18
Initializing module ComplexNetwork.visualizer.infoVisualizer, stage 18
Initializing module ComplexNetwork.visualizer.energyStorageVisualizer, stage 18
Initializing module ComplexNetwork.visualizer.mediumVisualizer, stage 18
Initializing module ComplexNetwork.visualizer.obstacleLossVisualizer, stage 18
Initializing module ComplexNetwork.visualizer.packetDropVisualizer, stage 18
Initializing module ComplexNetwork.visualizer.packetFlowVisualizer, stage 18
Initializing module ComplexNetwork.visualizer.queueVisualizer, stage 18
Initializing module ComplexNetwork.visualizer.gateScheduleVisualizer, stage 18
Initializing module ComplexNetwork.visualizer.radioVisualizer, stage 18
Initializing module ComplexNetwork.visualizer.physicalLinkVisualizer, stage 18
Initializing module ComplexNetwork.visualizer.interfaceTableVisualizer, stage 18
Initializing module ComplexNetwork.visualizer.dataLinkVisualizer, stage 18
Initializing module ComplexNetwork.visualizer.linkBreakVisualizer, stage 18
Initializing module ComplexNetwork.visualizer.ieee80211Visualizer, stage 18
Initializing module ComplexNetwork.visualizer.networkRouteVisualizer, stage 18
Initializing module ComplexNetwork.visualizer.routingTableVisualizer, stage 18
Initializing module ComplexNetwork.visualizer.transportRouteVisualizer, stage 18
Initializing module ComplexNetwork.visualizer.transportConnectionVisualizer, stage 18
Initializing module ComplexNetwork.visualizer.failureProtectionConfigurationVisualizer, stage 18
Initializing module ComplexNetwork.visualizer.streamRedundancyConfigurationVisualizer, stage 18
Initializing module ComplexNetwork.configurator, stage 19
Initializing module ComplexNetwork.physicalEnvironment, stage 19
Initializing module ComplexNetwork.inetRadioMedium, stage 19
Initializing module ComplexNetwork.inetRadioMedium.analogModel, stage 19
Initializing module ComplexNetwork.inetRadioMedium.obstacleLoss, stage 19
Initializing module ComplexNetwork.inetRadioMedium.mediumLimitCache, stage 19
Initializing module ComplexNetwork.visualizer.sceneVisualizer, stage 19
Initializing module ComplexNetwork.visualizer.physicalEnvironmentVisualizer, stage 19
Initializing module ComplexNetwork.visualizer.networkNodeVisualizer, stage 19
Initializing module ComplexNetwork.visualizer.networkConnectionVisualizer, stage 19
Initializing module ComplexNetwork.visualizer.mobilityVisualizer, stage 19
Initializing module ComplexNetwork.visualizer.statisticVisualizer, stage 19
Initializing module ComplexNetwork.visualizer.infoVisualizer, stage 19
Initializing module ComplexNetwork.visualizer.energyStorageVisualizer, stage 19
Initializing module ComplexNetwork.visualizer.mediumVisualizer, stage 19
Initializing module ComplexNetwork.visualizer.obstacleLossVisualizer, stage 19
Initializing module ComplexNetwork.visualizer.packetDropVisualizer, stage 19
Initializing module ComplexNetwork.visualizer.packetFlowVisualizer, stage 19
Initializing module ComplexNetwork.visualizer.queueVisualizer, stage 19
Initializing module ComplexNetwork.visualizer.gateScheduleVisualizer, stage 19
Initializing module ComplexNetwork.visualizer.radioVisualizer, stage 19
Initializing module ComplexNetwork.visualizer.physicalLinkVisualizer, stage 19
Initializing module ComplexNetwork.visualizer.interfaceTableVisualizer, stage 19
Initializing module ComplexNetwork.visualizer.dataLinkVisualizer, stage 19
Initializing module ComplexNetwork.visualizer.linkBreakVisualizer, stage 19
Initializing module ComplexNetwork.visualizer.ieee80211Visualizer, stage 19
Initializing module ComplexNetwork.visualizer.networkRouteVisualizer, stage 19
Initializing module ComplexNetwork.visualizer.routingTableVisualizer, stage 19
Initializing module ComplexNetwork.visualizer.transportRouteVisualizer, stage 19
Initializing module ComplexNetwork.visualizer.transportConnectionVisualizer, stage 19
Initializing module ComplexNetwork.visualizer.failureProtectionConfigurationVisualizer, stage 19
Initializing module ComplexNetwork.visualizer.streamRedundancyConfigurationVisualizer, stage 19
Initializing module ComplexNetwork.configurator, stage 20
Initializing module ComplexNetwork.physicalEnvironment, stage 20
Initializing module ComplexNetwork.inetRadioMedium, stage 20
Initializing module ComplexNetwork.inetRadioMedium.analogModel, stage 20
Initializing module ComplexNetwork.inetRadioMedium.obstacleLoss, stage 20
Initializing module ComplexNetwork.inetRadioMedium.mediumLimitCache, stage 20
Initializing module ComplexNetwork.visualizer.sceneVisualizer, stage 20
Initializing module ComplexNetwork.visualizer.physicalEnvironmentVisualizer, stage 20
Initializing module ComplexNetwork.visualizer.networkNodeVisualizer, stage 20
Initializing module ComplexNetwork.visualizer.networkConnectionVisualizer, stage 20
Initializing module ComplexNetwork.visualizer.mobilityVisualizer, stage 20
Initializing module ComplexNetwork.visualizer.statisticVisualizer, stage 20
Initializing module ComplexNetwork.visualizer.infoVisualizer, stage 20
Initializing module ComplexNetwork.visualizer.energyStorageVisualizer, stage 20
Initializing module ComplexNetwork.visualizer.mediumVisualizer, stage 20
Initializing module ComplexNetwork.visualizer.obstacleLossVisualizer, stage 20
Initializing module ComplexNetwork.visualizer.packetDropVisualizer, stage 20
Initializing module ComplexNetwork.visualizer.packetFlowVisualizer, stage 20
Initializing module ComplexNetwork.visualizer.queueVisualizer, stage 20
Initializing module ComplexNetwork.visualizer.gateScheduleVisualizer, stage 20
Initializing module ComplexNetwork.visualizer.radioVisualizer, stage 20
Initializing module ComplexNetwork.visualizer.physicalLinkVisualizer, stage 20
Initializing module ComplexNetwork.visualizer.interfaceTableVisualizer, stage 20
Initializing module ComplexNetwork.visualizer.dataLinkVisualizer, stage 20
Initializing module ComplexNetwork.visualizer.linkBreakVisualizer, stage 20
Initializing module ComplexNetwork.visualizer.ieee80211Visualizer, stage 20
Initializing module ComplexNetwork.visualizer.networkRouteVisualizer, stage 20
Initializing module ComplexNetwork.visualizer.routingTableVisualizer, stage 20
Initializing module ComplexNetwork.visualizer.transportRouteVisualizer, stage 20
Initializing module ComplexNetwork.visualizer.transportConnectionVisualizer, stage 20
Initializing module ComplexNetwork.visualizer.failureProtectionConfigurationVisualizer, stage 20
Initializing module ComplexNetwork.visualizer.streamRedundancyConfigurationVisualizer, stage 20
Initializing module ComplexNetwork.configurator, stage 21
Initializing module ComplexNetwork.physicalEnvironment, stage 21
Initializing module ComplexNetwork.inetRadioMedium, stage 21
Initializing module ComplexNetwork.inetRadioMedium.analogModel, stage 21
Initializing module ComplexNetwork.inetRadioMedium.obstacleLoss, stage 21
Initializing module ComplexNetwork.inetRadioMedium.mediumLimitCache, stage 21
Initializing module ComplexNetwork.visualizer.sceneVisualizer, stage 21
Initializing module ComplexNetwork.visualizer.physicalEnvironmentVisualizer, stage 21
Initializing module ComplexNetwork.visualizer.networkNodeVisualizer, stage 21
Initializing module ComplexNetwork.visualizer.networkConnectionVisualizer, stage 21
Initializing module ComplexNetwork.visualizer.mobilityVisualizer, stage 21
Initializing module ComplexNetwork.visualizer.statisticVisualizer, stage 21
Initializing module ComplexNetwork.visualizer.infoVisualizer, stage 21
Initializing module ComplexNetwork.visualizer.energyStorageVisualizer, stage 21
Initializing module ComplexNetwork.visualizer.mediumVisualizer, stage 21
Initializing module ComplexNetwork.visualizer.obstacleLossVisualizer, stage 21
Initializing module ComplexNetwork.visualizer.packetDropVisualizer, stage 21
Initializing module ComplexNetwork.visualizer.packetFlowVisualizer, stage 21
Initializing module ComplexNetwork.visualizer.queueVisualizer, stage 21
Initializing module ComplexNetwork.visualizer.gateScheduleVisualizer, stage 21
Initializing module ComplexNetwork.visualizer.radioVisualizer, stage 21
Initializing module ComplexNetwork.visualizer.physicalLinkVisualizer, stage 21
Initializing module ComplexNetwork.visualizer.interfaceTableVisualizer, stage 21
Initializing module ComplexNetwork.visualizer.dataLinkVisualizer, stage 21
Initializing module ComplexNetwork.visualizer.linkBreakVisualizer, stage 21
Initializing module ComplexNetwork.visualizer.ieee80211Visualizer, stage 21
Initializing module ComplexNetwork.visualizer.networkRouteVisualizer, stage 21
Initializing module ComplexNetwork.visualizer.routingTableVisualizer, stage 21
Initializing module ComplexNetwork.visualizer.transportRouteVisualizer, stage 21
Initializing module ComplexNetwork.visualizer.transportConnectionVisualizer, stage 21
Initializing module ComplexNetwork.visualizer.failureProtectionConfigurationVisualizer, stage 21
Initializing module ComplexNetwork.visualizer.streamRedundancyConfigurationVisualizer, stage 21
Initializing module ComplexNetwork.configurator, stage 22
Initializing module ComplexNetwork.physicalEnvironment, stage 22
Initializing module ComplexNetwork.inetRadioMedium, stage 22
SHADOWInitialized (inet::physicallayer::RadioMedium)inetRadioMedium id=10, propagation = { ConstantSpeedPropagation, ignoreMovementDuringTransmission = 1, ignoreMovementDuringPropagation = 1, ignoreMovementDuringReception = 1, propagationSpeed = 3e+08 mps }, pathLoss = { TwoRayGroundReflection, alpha = 2, systemLoss = 1 }, analogModel = { ScalarAnalogModel }, obstacleLoss = { DielectricObstacleLoss }, backgroundNoise = { IsotropicScalarBackgroundNoise, power = 0.01 pW, bandwidth = nan Hz }, mediumLimitCache = { RadioMediumLimits, minConstraintArea = (nan, nan, nan) m, maxConstraintArea = (nan, nan, nan) m, maxSpeed = nan mps, maxTransmissionPower = nan W, minInterferencePower = nan W, minReceptionPower = nan W, maxAntennaGain = nan, minInterferenceTime = -1, maxTransmissionDuration = -1, maxCommunicationRange = nan m, maxInterferenceRange = nan m }, neighborCache = <nullptr>, communicationCache = { VectorCommunicationCache }
Initializing module ComplexNetwork.inetRadioMedium.analogModel, stage 22
Initializing module ComplexNetwork.inetRadioMedium.obstacleLoss, stage 22
Initializing module ComplexNetwork.inetRadioMedium.mediumLimitCache, stage 22
Initializing module ComplexNetwork.visualizer.sceneVisualizer, stage 22
Initializing module ComplexNetwork.visualizer.physicalEnvironmentVisualizer, stage 22
Initializing module ComplexNetwork.visualizer.networkNodeVisualizer, stage 22
Initializing module ComplexNetwork.visualizer.networkConnectionVisualizer, stage 22
Initializing module ComplexNetwork.visualizer.mobilityVisualizer, stage 22
Initializing module ComplexNetwork.visualizer.statisticVisualizer, stage 22
Initializing module ComplexNetwork.visualizer.infoVisualizer, stage 22
Initializing module ComplexNetwork.visualizer.energyStorageVisualizer, stage 22
Initializing module ComplexNetwork.visualizer.mediumVisualizer, stage 22
Initializing module ComplexNetwork.visualizer.obstacleLossVisualizer, stage 22
Initializing module ComplexNetwork.visualizer.packetDropVisualizer, stage 22
Initializing module ComplexNetwork.visualizer.packetFlowVisualizer, stage 22
Initializing module ComplexNetwork.visualizer.queueVisualizer, stage 22
Initializing module ComplexNetwork.visualizer.gateScheduleVisualizer, stage 22
Initializing module ComplexNetwork.visualizer.radioVisualizer, stage 22
Initializing module ComplexNetwork.visualizer.physicalLinkVisualizer, stage 22
Initializing module ComplexNetwork.visualizer.interfaceTableVisualizer, stage 22
Initializing module ComplexNetwork.visualizer.dataLinkVisualizer, stage 22
Initializing module ComplexNetwork.visualizer.linkBreakVisualizer, stage 22
Initializing module ComplexNetwork.visualizer.ieee80211Visualizer, stage 22
Initializing module ComplexNetwork.visualizer.networkRouteVisualizer, stage 22
Initializing module ComplexNetwork.visualizer.routingTableVisualizer, stage 22
Initializing module ComplexNetwork.visualizer.transportRouteVisualizer, stage 22
Initializing module ComplexNetwork.visualizer.transportConnectionVisualizer, stage 22
Initializing module ComplexNetwork.visualizer.failureProtectionConfigurationVisualizer, stage 22
Initializing module ComplexNetwork.visualizer.streamRedundancyConfigurationVisualizer, stage 22

Running simulation...
** Event #1  t=0  0% completed  (0% total)   ComplexNetwork.manager (TraCIScenarioManagerLaunchd, id=6)
SHADOWTraCIScenarioManager connecting to TraCI server
SHADOWCould not connect to TraCI server; error message: 111: Connection refused -- Will retry in 1 second(s).
undisposed object: (omnetpp::cMessage) ComplexNetwork.rsu[0].appl.checkDecision -- check module destructor
undisposed object: (omnetpp::cMessage) ComplexNetwork.rsu[1].appl.checkDecision -- check module destructor
undisposed object: (omnetpp::cMessage) ComplexNetwork.rsu[2].appl.checkDecision -- check module destructor

End.
